[2016-01-22 11:46:27] main.DEBUG: cache_invalidate:  {"method":"GET","url":"http:/","invalidateInfo":{"tags":["CONFIG"],"mode":"matchingTag"},"is_exception":false} []
[2016-01-22 11:46:27] main.DEBUG: cache_invalidate:  {"method":"GET","url":"http:/","invalidateInfo":{"tags":["LAYOUT_GENERAL_CACHE_TAG"],"mode":"matchingTag"},"is_exception":false} []
[2016-01-22 11:46:27] main.DEBUG: cache_invalidate:  {"method":"GET","url":"http:/","invalidateInfo":{"tags":["BLOCK_HTML"],"mode":"matchingTag"},"is_exception":false} []
[2016-01-22 11:46:27] main.DEBUG: cache_invalidate:  {"method":"GET","url":"http:/","invalidateInfo":{"tags":["COLLECTION_DATA"],"mode":"matchingTag"},"is_exception":false} []
[2016-01-22 11:46:27] main.DEBUG: cache_invalidate:  {"method":"GET","url":"http:/","invalidateInfo":{"tags":["REFLECTION"],"mode":"matchingTag"},"is_exception":false} []
[2016-01-22 11:46:27] main.DEBUG: cache_invalidate:  {"method":"GET","url":"http:/","invalidateInfo":{"tags":["DB_DDL"],"mode":"matchingTag"},"is_exception":false} []
[2016-01-22 11:46:27] main.DEBUG: cache_invalidate:  {"method":"GET","url":"http:/","invalidateInfo":{"tags":["EAV"],"mode":"matchingTag"},"is_exception":false} []
[2016-01-22 11:46:27] main.DEBUG: cache_invalidate:  {"method":"GET","url":"http:/","invalidateInfo":{"tags":["INTEGRATION"],"mode":"matchingTag"},"is_exception":false} []
[2016-01-22 11:46:27] main.DEBUG: cache_invalidate:  {"method":"GET","url":"http:/","invalidateInfo":{"tags":["INTEGRATION_API_CONFIG"],"mode":"matchingTag"},"is_exception":false} []
[2016-01-22 11:46:27] main.DEBUG: cache_invalidate:  {"method":"GET","url":"http:/","invalidateInfo":{"tags":["FPC"],"mode":"matchingTag"},"is_exception":false} []
[2016-01-22 11:46:27] main.DEBUG: cache_invalidate:  {"method":"GET","url":"http:/","invalidateInfo":{"tags":["TRANSLATE"],"mode":"matchingTag"},"is_exception":false} []
[2016-01-22 11:46:27] main.DEBUG: cache_invalidate:  {"method":"GET","url":"http:/","invalidateInfo":{"tags":["WEBSERVICE"],"mode":"matchingTag"},"is_exception":false} []
[2016-01-22 11:46:29] main.DEBUG: cache_invalidate:  {"method":"GET","url":"http:/","invalidateInfo":{"tags":["EAV"],"mode":"matchingAnyTag"},"is_exception":false} []
[2016-01-22 11:46:29] main.DEBUG: cache_invalidate:  {"method":"GET","url":"http:/","invalidateInfo":{"tags":["EAV","EAV_ATTRIBUTE"],"mode":"matchingAnyTag"},"is_exception":false} []
[2016-01-22 11:46:29] main.DEBUG: cache_invalidate:  {"method":"GET","url":"http:/","invalidateInfo":{"tags":["EAV_ATTRIBUTE"],"mode":"matchingAnyTag"},"is_exception":false} []
[2016-01-22 11:46:29] main.DEBUG: cache_invalidate:  {"method":"GET","url":"http:/","invalidateInfo":{"tags":["EAV_ATTRIBUTE_21","EAV_ATTRIBUTE"],"mode":"matchingAnyTag"},"is_exception":false} []
[2016-01-22 11:46:29] main.DEBUG: cache_invalidate:  {"method":"GET","url":"http:/","invalidateInfo":{"tags":["EAV_ATTRIBUTE_21","EAV_ATTRIBUTE"],"mode":"matchingAnyTag"},"is_exception":false} []
[2016-01-22 11:46:29] main.DEBUG: cache_invalidate:  {"method":"GET","url":"http:/","invalidateInfo":{"tags":["EAV","EAV_ATTRIBUTE"],"mode":"matchingAnyTag"},"is_exception":false} []
[2016-01-22 11:46:29] main.DEBUG: cache_invalidate:  {"method":"GET","url":"http:/","invalidateInfo":{"tags":["EAV_ATTRIBUTE"],"mode":"matchingAnyTag"},"is_exception":false} []
[2016-01-22 11:46:29] main.DEBUG: cache_invalidate:  {"method":"GET","url":"http:/","invalidateInfo":{"tags":["EAV_ATTRIBUTE_36","EAV_ATTRIBUTE"],"mode":"matchingAnyTag"},"is_exception":false} []
[2016-01-22 11:46:29] main.DEBUG: cache_invalidate:  {"method":"GET","url":"http:/","invalidateInfo":{"tags":["EAV_ATTRIBUTE_36","EAV_ATTRIBUTE"],"mode":"matchingAnyTag"},"is_exception":false} []
[2016-01-22 11:46:29] main.DEBUG: cache_invalidate:  {"method":"GET","url":"http:/","invalidateInfo":{"tags":["EAV","EAV_ATTRIBUTE"],"mode":"matchingAnyTag"},"is_exception":false} []
[2016-01-22 11:46:29] main.DEBUG: cache_invalidate:  {"method":"GET","url":"http:/","invalidateInfo":{"tags":["EAV_ATTRIBUTE"],"mode":"matchingAnyTag"},"is_exception":false} []
[2016-01-22 11:46:29] main.DEBUG: cache_invalidate:  {"method":"GET","url":"http:/","invalidateInfo":{"tags":["EAV_ATTRIBUTE_1","EAV_ATTRIBUTE"],"mode":"matchingAnyTag"},"is_exception":false} []
[2016-01-22 11:46:29] main.DEBUG: cache_invalidate:  {"method":"GET","url":"http:/","invalidateInfo":{"tags":["EAV_ATTRIBUTE_1","EAV_ATTRIBUTE"],"mode":"matchingAnyTag"},"is_exception":false} []
[2016-01-22 11:46:29] main.DEBUG: cache_invalidate:  {"method":"GET","url":"http:/","invalidateInfo":{"tags":["EAV","EAV_ATTRIBUTE"],"mode":"matchingAnyTag"},"is_exception":false} []
[2016-01-22 11:46:29] main.DEBUG: cache_invalidate:  {"method":"GET","url":"http:/","invalidateInfo":{"tags":["EAV_ATTRIBUTE"],"mode":"matchingAnyTag"},"is_exception":false} []
[2016-01-22 11:46:29] main.DEBUG: cache_invalidate:  {"method":"GET","url":"http:/","invalidateInfo":{"tags":["EAV_ATTRIBUTE_3","EAV_ATTRIBUTE"],"mode":"matchingAnyTag"},"is_exception":false} []
[2016-01-22 11:46:29] main.DEBUG: cache_invalidate:  {"method":"GET","url":"http:/","invalidateInfo":{"tags":["EAV_ATTRIBUTE_3","EAV_ATTRIBUTE"],"mode":"matchingAnyTag"},"is_exception":false} []
[2016-01-22 11:46:29] main.DEBUG: cache_invalidate:  {"method":"GET","url":"http:/","invalidateInfo":{"tags":["EAV","EAV_ATTRIBUTE"],"mode":"matchingAnyTag"},"is_exception":false} []
[2016-01-22 11:46:29] main.DEBUG: cache_invalidate:  {"method":"GET","url":"http:/","invalidateInfo":{"tags":["EAV_ATTRIBUTE"],"mode":"matchingAnyTag"},"is_exception":false} []
[2016-01-22 11:46:29] main.DEBUG: cache_invalidate:  {"method":"GET","url":"http:/","invalidateInfo":{"tags":["EAV_ATTRIBUTE_9","EAV_ATTRIBUTE"],"mode":"matchingAnyTag"},"is_exception":false} []
[2016-01-22 11:46:29] main.DEBUG: cache_invalidate:  {"method":"GET","url":"http:/","invalidateInfo":{"tags":["EAV_ATTRIBUTE_9","EAV_ATTRIBUTE"],"mode":"matchingAnyTag"},"is_exception":false} []
[2016-01-22 11:46:29] main.DEBUG: cache_invalidate:  {"method":"GET","url":"http:/","invalidateInfo":{"tags":["EAV","EAV_ATTRIBUTE"],"mode":"matchingAnyTag"},"is_exception":false} []
[2016-01-22 11:46:29] main.DEBUG: cache_invalidate:  {"method":"GET","url":"http:/","invalidateInfo":{"tags":["EAV_ATTRIBUTE"],"mode":"matchingAnyTag"},"is_exception":false} []
[2016-01-22 11:46:29] main.DEBUG: cache_invalidate:  {"method":"GET","url":"http:/","invalidateInfo":{"tags":["EAV_ATTRIBUTE_10","EAV_ATTRIBUTE"],"mode":"matchingAnyTag"},"is_exception":false} []
[2016-01-22 11:46:29] main.DEBUG: cache_invalidate:  {"method":"GET","url":"http:/","invalidateInfo":{"tags":["EAV_ATTRIBUTE_10","EAV_ATTRIBUTE"],"mode":"matchingAnyTag"},"is_exception":false} []
[2016-01-22 11:46:29] main.DEBUG: cache_invalidate:  {"method":"GET","url":"http:/","invalidateInfo":{"tags":["EAV","EAV_ATTRIBUTE"],"mode":"matchingAnyTag"},"is_exception":false} []
[2016-01-22 11:46:29] main.DEBUG: cache_invalidate:  {"method":"GET","url":"http:/","invalidateInfo":{"tags":["EAV_ATTRIBUTE"],"mode":"matchingAnyTag"},"is_exception":false} []
[2016-01-22 11:46:29] main.DEBUG: cache_invalidate:  {"method":"GET","url":"http:/","invalidateInfo":{"tags":["EAV_ATTRIBUTE_11","EAV_ATTRIBUTE"],"mode":"matchingAnyTag"},"is_exception":false} []
[2016-01-22 11:46:29] main.DEBUG: cache_invalidate:  {"method":"GET","url":"http:/","invalidateInfo":{"tags":["EAV_ATTRIBUTE_11","EAV_ATTRIBUTE"],"mode":"matchingAnyTag"},"is_exception":false} []
[2016-01-22 11:46:29] main.DEBUG: cache_invalidate:  {"method":"GET","url":"http:/","invalidateInfo":{"tags":["EAV","EAV_ATTRIBUTE"],"mode":"matchingAnyTag"},"is_exception":false} []
[2016-01-22 11:46:29] main.DEBUG: cache_invalidate:  {"method":"GET","url":"http:/","invalidateInfo":{"tags":["EAV_ATTRIBUTE"],"mode":"matchingAnyTag"},"is_exception":false} []
[2016-01-22 11:46:29] main.DEBUG: cache_invalidate:  {"method":"GET","url":"http:/","invalidateInfo":{"tags":["EAV_ATTRIBUTE_17","EAV_ATTRIBUTE"],"mode":"matchingAnyTag"},"is_exception":false} []
[2016-01-22 11:46:29] main.DEBUG: cache_invalidate:  {"method":"GET","url":"http:/","invalidateInfo":{"tags":["EAV_ATTRIBUTE_17","EAV_ATTRIBUTE"],"mode":"matchingAnyTag"},"is_exception":false} []
[2016-01-22 11:46:30] main.DEBUG: cache_invalidate:  {"method":"GET","url":"http:/","invalidateInfo":{"tags":["EAV","EAV_ATTRIBUTE"],"mode":"matchingAnyTag"},"is_exception":false} []
[2016-01-22 11:46:30] main.DEBUG: cache_invalidate:  {"method":"GET","url":"http:/","invalidateInfo":{"tags":["EAV_ATTRIBUTE"],"mode":"matchingAnyTag"},"is_exception":false} []
[2016-01-22 11:46:30] main.DEBUG: cache_invalidate:  {"method":"GET","url":"http:/","invalidateInfo":{"tags":["EAV_ATTRIBUTE_18","EAV_ATTRIBUTE"],"mode":"matchingAnyTag"},"is_exception":false} []
[2016-01-22 11:46:30] main.DEBUG: cache_invalidate:  {"method":"GET","url":"http:/","invalidateInfo":{"tags":["EAV_ATTRIBUTE_18","EAV_ATTRIBUTE"],"mode":"matchingAnyTag"},"is_exception":false} []
[2016-01-22 11:46:30] main.DEBUG: cache_invalidate:  {"method":"GET","url":"http:/","invalidateInfo":{"tags":["EAV","EAV_ATTRIBUTE"],"mode":"matchingAnyTag"},"is_exception":false} []
[2016-01-22 11:46:30] main.DEBUG: cache_invalidate:  {"method":"GET","url":"http:/","invalidateInfo":{"tags":["EAV_ATTRIBUTE"],"mode":"matchingAnyTag"},"is_exception":false} []
[2016-01-22 11:46:30] main.DEBUG: cache_invalidate:  {"method":"GET","url":"http:/","invalidateInfo":{"tags":["EAV_ATTRIBUTE_19","EAV_ATTRIBUTE"],"mode":"matchingAnyTag"},"is_exception":false} []
[2016-01-22 11:46:30] main.DEBUG: cache_invalidate:  {"method":"GET","url":"http:/","invalidateInfo":{"tags":["EAV_ATTRIBUTE_19","EAV_ATTRIBUTE"],"mode":"matchingAnyTag"},"is_exception":false} []
[2016-01-22 11:46:30] main.DEBUG: cache_invalidate:  {"method":"GET","url":"http:/","invalidateInfo":{"tags":["EAV","EAV_ATTRIBUTE"],"mode":"matchingAnyTag"},"is_exception":false} []
[2016-01-22 11:46:30] main.DEBUG: cache_invalidate:  {"method":"GET","url":"http:/","invalidateInfo":{"tags":["EAV_ATTRIBUTE"],"mode":"matchingAnyTag"},"is_exception":false} []
[2016-01-22 11:46:30] main.DEBUG: cache_invalidate:  {"method":"GET","url":"http:/","invalidateInfo":{"tags":["EAV_ATTRIBUTE_20","EAV_ATTRIBUTE"],"mode":"matchingAnyTag"},"is_exception":false} []
[2016-01-22 11:46:30] main.DEBUG: cache_invalidate:  {"method":"GET","url":"http:/","invalidateInfo":{"tags":["EAV_ATTRIBUTE_20","EAV_ATTRIBUTE"],"mode":"matchingAnyTag"},"is_exception":false} []
[2016-01-22 11:46:30] main.DEBUG: cache_invalidate:  {"method":"GET","url":"http:/","invalidateInfo":{"tags":["EAV","EAV_ATTRIBUTE"],"mode":"matchingAnyTag"},"is_exception":false} []
[2016-01-22 11:46:30] main.DEBUG: cache_invalidate:  {"method":"GET","url":"http:/","invalidateInfo":{"tags":["EAV_ATTRIBUTE"],"mode":"matchingAnyTag"},"is_exception":false} []
[2016-01-22 11:46:30] main.DEBUG: cache_invalidate:  {"method":"GET","url":"http:/","invalidateInfo":{"tags":["EAV_ATTRIBUTE_27","EAV_ATTRIBUTE"],"mode":"matchingAnyTag"},"is_exception":false} []
[2016-01-22 11:46:30] main.DEBUG: cache_invalidate:  {"method":"GET","url":"http:/","invalidateInfo":{"tags":["EAV_ATTRIBUTE_27","EAV_ATTRIBUTE"],"mode":"matchingAnyTag"},"is_exception":false} []
[2016-01-22 11:46:30] main.DEBUG: cache_invalidate:  {"method":"GET","url":"http:/","invalidateInfo":{"tags":["EAV","EAV_ATTRIBUTE"],"mode":"matchingAnyTag"},"is_exception":false} []
[2016-01-22 11:46:30] main.DEBUG: cache_invalidate:  {"method":"GET","url":"http:/","invalidateInfo":{"tags":["EAV_ATTRIBUTE"],"mode":"matchingAnyTag"},"is_exception":false} []
[2016-01-22 11:46:30] main.DEBUG: cache_invalidate:  {"method":"GET","url":"http:/","invalidateInfo":{"tags":["EAV_ATTRIBUTE_28","EAV_ATTRIBUTE"],"mode":"matchingAnyTag"},"is_exception":false} []
[2016-01-22 11:46:30] main.DEBUG: cache_invalidate:  {"method":"GET","url":"http:/","invalidateInfo":{"tags":["EAV_ATTRIBUTE_28","EAV_ATTRIBUTE"],"mode":"matchingAnyTag"},"is_exception":false} []
[2016-01-22 11:46:30] main.DEBUG: cache_invalidate:  {"method":"GET","url":"http:/","invalidateInfo":{"tags":["EAV","EAV_ATTRIBUTE"],"mode":"matchingAnyTag"},"is_exception":false} []
[2016-01-22 11:46:30] main.DEBUG: cache_invalidate:  {"method":"GET","url":"http:/","invalidateInfo":{"tags":["EAV_ATTRIBUTE"],"mode":"matchingAnyTag"},"is_exception":false} []
[2016-01-22 11:46:30] main.DEBUG: cache_invalidate:  {"method":"GET","url":"http:/","invalidateInfo":{"tags":["EAV_ATTRIBUTE_29","EAV_ATTRIBUTE"],"mode":"matchingAnyTag"},"is_exception":false} []
[2016-01-22 11:46:30] main.DEBUG: cache_invalidate:  {"method":"GET","url":"http:/","invalidateInfo":{"tags":["EAV_ATTRIBUTE_29","EAV_ATTRIBUTE"],"mode":"matchingAnyTag"},"is_exception":false} []
[2016-01-22 11:46:30] main.DEBUG: cache_invalidate:  {"method":"GET","url":"http:/","invalidateInfo":{"tags":["EAV","EAV_ATTRIBUTE"],"mode":"matchingAnyTag"},"is_exception":false} []
[2016-01-22 11:46:30] main.DEBUG: cache_invalidate:  {"method":"GET","url":"http:/","invalidateInfo":{"tags":["EAV_ATTRIBUTE"],"mode":"matchingAnyTag"},"is_exception":false} []
[2016-01-22 11:46:30] main.DEBUG: cache_invalidate:  {"method":"GET","url":"http:/","invalidateInfo":{"tags":["EAV_ATTRIBUTE_30","EAV_ATTRIBUTE"],"mode":"matchingAnyTag"},"is_exception":false} []
[2016-01-22 11:46:30] main.DEBUG: cache_invalidate:  {"method":"GET","url":"http:/","invalidateInfo":{"tags":["EAV_ATTRIBUTE_30","EAV_ATTRIBUTE"],"mode":"matchingAnyTag"},"is_exception":false} []
[2016-01-22 11:46:30] main.DEBUG: cache_invalidate:  {"method":"GET","url":"http:/","invalidateInfo":{"tags":["EAV","EAV_ATTRIBUTE"],"mode":"matchingAnyTag"},"is_exception":false} []
[2016-01-22 11:46:30] main.DEBUG: cache_invalidate:  {"method":"GET","url":"http:/","invalidateInfo":{"tags":["EAV_ATTRIBUTE"],"mode":"matchingAnyTag"},"is_exception":false} []
[2016-01-22 11:46:30] main.DEBUG: cache_invalidate:  {"method":"GET","url":"http:/","invalidateInfo":{"tags":["EAV_ATTRIBUTE_31","EAV_ATTRIBUTE"],"mode":"matchingAnyTag"},"is_exception":false} []
[2016-01-22 11:46:30] main.DEBUG: cache_invalidate:  {"method":"GET","url":"http:/","invalidateInfo":{"tags":["EAV_ATTRIBUTE_31","EAV_ATTRIBUTE"],"mode":"matchingAnyTag"},"is_exception":false} []
[2016-01-22 11:46:30] main.DEBUG: cache_invalidate:  {"method":"GET","url":"http:/","invalidateInfo":{"tags":["EAV","EAV_ATTRIBUTE"],"mode":"matchingAnyTag"},"is_exception":false} []
[2016-01-22 11:46:30] main.DEBUG: cache_invalidate:  {"method":"GET","url":"http:/","invalidateInfo":{"tags":["EAV_ATTRIBUTE"],"mode":"matchingAnyTag"},"is_exception":false} []
[2016-01-22 11:46:30] main.DEBUG: cache_invalidate:  {"method":"GET","url":"http:/","invalidateInfo":{"tags":["EAV_ATTRIBUTE_32","EAV_ATTRIBUTE"],"mode":"matchingAnyTag"},"is_exception":false} []
[2016-01-22 11:46:30] main.DEBUG: cache_invalidate:  {"method":"GET","url":"http:/","invalidateInfo":{"tags":["EAV_ATTRIBUTE_32","EAV_ATTRIBUTE"],"mode":"matchingAnyTag"},"is_exception":false} []
[2016-01-22 11:46:30] main.DEBUG: cache_invalidate:  {"method":"GET","url":"http:/","invalidateInfo":{"tags":["EAV","EAV_ATTRIBUTE"],"mode":"matchingAnyTag"},"is_exception":false} []
[2016-01-22 11:46:30] main.DEBUG: cache_invalidate:  {"method":"GET","url":"http:/","invalidateInfo":{"tags":["EAV_ATTRIBUTE"],"mode":"matchingAnyTag"},"is_exception":false} []
[2016-01-22 11:46:30] main.DEBUG: cache_invalidate:  {"method":"GET","url":"http:/","invalidateInfo":{"tags":["EAV_ATTRIBUTE_33","EAV_ATTRIBUTE"],"mode":"matchingAnyTag"},"is_exception":false} []
[2016-01-22 11:46:30] main.DEBUG: cache_invalidate:  {"method":"GET","url":"http:/","invalidateInfo":{"tags":["EAV_ATTRIBUTE_33","EAV_ATTRIBUTE"],"mode":"matchingAnyTag"},"is_exception":false} []
[2016-01-22 11:46:30] main.DEBUG: cache_invalidate:  {"method":"GET","url":"http:/","invalidateInfo":{"tags":["EAV","EAV_ATTRIBUTE"],"mode":"matchingAnyTag"},"is_exception":false} []
[2016-01-22 11:46:30] main.DEBUG: cache_invalidate:  {"method":"GET","url":"http:/","invalidateInfo":{"tags":["EAV_ATTRIBUTE"],"mode":"matchingAnyTag"},"is_exception":false} []
[2016-01-22 11:46:30] main.DEBUG: cache_invalidate:  {"method":"GET","url":"http:/","invalidateInfo":{"tags":["EAV_ATTRIBUTE_34","EAV_ATTRIBUTE"],"mode":"matchingAnyTag"},"is_exception":false} []
[2016-01-22 11:46:30] main.DEBUG: cache_invalidate:  {"method":"GET","url":"http:/","invalidateInfo":{"tags":["EAV_ATTRIBUTE_34","EAV_ATTRIBUTE"],"mode":"matchingAnyTag"},"is_exception":false} []
[2016-01-22 11:46:30] main.DEBUG: cache_invalidate:  {"method":"GET","url":"http:/","invalidateInfo":{"tags":["EAV","EAV_ATTRIBUTE"],"mode":"matchingAnyTag"},"is_exception":false} []
[2016-01-22 11:46:30] main.DEBUG: cache_invalidate:  {"method":"GET","url":"http:/","invalidateInfo":{"tags":["EAV_ATTRIBUTE"],"mode":"matchingAnyTag"},"is_exception":false} []
[2016-01-22 11:46:30] main.DEBUG: cache_invalidate:  {"method":"GET","url":"http:/","invalidateInfo":{"tags":["EAV_ATTRIBUTE_35","EAV_ATTRIBUTE"],"mode":"matchingAnyTag"},"is_exception":false} []
[2016-01-22 11:46:30] main.DEBUG: cache_invalidate:  {"method":"GET","url":"http:/","invalidateInfo":{"tags":["EAV_ATTRIBUTE_35","EAV_ATTRIBUTE"],"mode":"matchingAnyTag"},"is_exception":false} []
[2016-01-22 11:46:30] main.DEBUG: cache_invalidate:  {"method":"GET","url":"http:/","invalidateInfo":{"tags":["EAV","EAV_ATTRIBUTE"],"mode":"matchingAnyTag"},"is_exception":false} []
[2016-01-22 11:46:30] main.DEBUG: cache_invalidate:  {"method":"GET","url":"http:/","invalidateInfo":{"tags":["EAV_ATTRIBUTE"],"mode":"matchingAnyTag"},"is_exception":false} []
[2016-01-22 11:46:30] main.DEBUG: cache_invalidate:  {"method":"GET","url":"http:/","invalidateInfo":{"tags":["EAV_ATTRIBUTE_32","EAV_ATTRIBUTE"],"mode":"matchingAnyTag"},"is_exception":false} []
[2016-01-22 11:46:30] main.DEBUG: cache_invalidate:  {"method":"GET","url":"http:/","invalidateInfo":{"tags":["EAV_ATTRIBUTE_32","EAV_ATTRIBUTE"],"mode":"matchingAnyTag"},"is_exception":false} []
[2016-01-22 11:46:30] main.DEBUG: cache_invalidate:  {"method":"GET","url":"http:/","invalidateInfo":{"tags":["EAV","EAV_ATTRIBUTE"],"mode":"matchingAnyTag"},"is_exception":false} []
[2016-01-22 11:46:30] main.DEBUG: cache_invalidate:  {"method":"GET","url":"http:/","invalidateInfo":{"tags":["EAV_ATTRIBUTE"],"mode":"matchingAnyTag"},"is_exception":false} []
[2016-01-22 11:46:30] main.DEBUG: cache_invalidate:  {"method":"GET","url":"http:/","invalidateInfo":{"tags":["EAV_ATTRIBUTE_23","EAV_ATTRIBUTE"],"mode":"matchingAnyTag"},"is_exception":false} []
[2016-01-22 11:46:30] main.DEBUG: cache_invalidate:  {"method":"GET","url":"http:/","invalidateInfo":{"tags":["EAV_ATTRIBUTE_23","EAV_ATTRIBUTE"],"mode":"matchingAnyTag"},"is_exception":false} []
[2016-01-22 11:46:30] main.DEBUG: cache_invalidate:  {"method":"GET","url":"http:/","invalidateInfo":{"tags":["EAV","EAV_ATTRIBUTE"],"mode":"matchingAnyTag"},"is_exception":false} []
[2016-01-22 11:46:30] main.DEBUG: cache_invalidate:  {"method":"GET","url":"http:/","invalidateInfo":{"tags":["EAV_ATTRIBUTE"],"mode":"matchingAnyTag"},"is_exception":false} []
[2016-01-22 11:46:30] main.DEBUG: cache_invalidate:  {"method":"GET","url":"http:/","invalidateInfo":{"tags":["EAV_ATTRIBUTE_25","EAV_ATTRIBUTE"],"mode":"matchingAnyTag"},"is_exception":false} []
[2016-01-22 11:46:30] main.DEBUG: cache_invalidate:  {"method":"GET","url":"http:/","invalidateInfo":{"tags":["EAV_ATTRIBUTE_25","EAV_ATTRIBUTE"],"mode":"matchingAnyTag"},"is_exception":false} []
[2016-01-22 11:46:30] main.DEBUG: cache_invalidate:  {"method":"GET","url":"http:/","invalidateInfo":{"tags":["EAV","EAV_ATTRIBUTE"],"mode":"matchingAnyTag"},"is_exception":false} []
[2016-01-22 11:46:30] main.DEBUG: cache_invalidate:  {"method":"GET","url":"http:/","invalidateInfo":{"tags":["EAV_ATTRIBUTE"],"mode":"matchingAnyTag"},"is_exception":false} []
[2016-01-22 11:46:30] main.DEBUG: cache_invalidate:  {"method":"GET","url":"http:/","invalidateInfo":{"tags":["EAV_ATTRIBUTE_35","EAV_ATTRIBUTE"],"mode":"matchingAnyTag"},"is_exception":false} []
[2016-01-22 11:46:30] main.DEBUG: cache_invalidate:  {"method":"GET","url":"http:/","invalidateInfo":{"tags":["EAV_ATTRIBUTE_35","EAV_ATTRIBUTE"],"mode":"matchingAnyTag"},"is_exception":false} []
[2016-01-22 11:46:30] main.DEBUG: cache_invalidate:  {"method":"GET","url":"http:/","invalidateInfo":{"identifier":"DB_PDO_MYSQL_DDL_customer_grid_flat_1"},"is_exception":false} []
[2016-01-22 11:46:30] main.DEBUG: cache_invalidate:  {"method":"GET","url":"http:/","invalidateInfo":{"identifier":"DB_PDO_MYSQL_DDL_customer_grid_flat_2"},"is_exception":false} []
[2016-01-22 11:46:30] main.DEBUG: cache_invalidate:  {"method":"GET","url":"http:/","invalidateInfo":{"identifier":"DB_PDO_MYSQL_DDL_customer_grid_flat_3"},"is_exception":false} []
[2016-01-22 11:46:30] main.DEBUG: cache_invalidate:  {"method":"GET","url":"http:/","invalidateInfo":{"identifier":"DB_PDO_MYSQL_DDL_customer_grid_flat_4"},"is_exception":false} []
[2016-01-22 11:46:30] main.DEBUG: cache_invalidate:  {"method":"GET","url":"http:/","invalidateInfo":{"tags":["EAV","EAV_ATTRIBUTE"],"mode":"matchingAnyTag"},"is_exception":false} []
[2016-01-22 11:46:30] main.DEBUG: cache_invalidate:  {"method":"GET","url":"http:/","invalidateInfo":{"tags":["cms_page"],"mode":"matchingAnyTag"},"is_exception":false} []
[2016-01-22 11:46:30] main.DEBUG: cache_invalidate:  {"method":"GET","url":"http:/","invalidateInfo":{"tags":["cms_page_1","cms_page"],"mode":"matchingAnyTag"},"is_exception":false} []
[2016-01-22 11:46:30] main.DEBUG: cache_invalidate:  {"method":"GET","url":"http:/","invalidateInfo":{"tags":["cms_page_1","cms_page"],"mode":"matchingAnyTag"},"is_exception":false} []
[2016-01-22 11:46:30] main.DEBUG: cache_invalidate:  {"method":"GET","url":"http:/","invalidateInfo":{"tags":["cms_page"],"mode":"matchingAnyTag"},"is_exception":false} []
[2016-01-22 11:46:30] main.DEBUG: cache_invalidate:  {"method":"GET","url":"http:/","invalidateInfo":{"tags":["cms_page_2","cms_page"],"mode":"matchingAnyTag"},"is_exception":false} []
[2016-01-22 11:46:30] main.DEBUG: cache_invalidate:  {"method":"GET","url":"http:/","invalidateInfo":{"tags":["cms_page_2","cms_page"],"mode":"matchingAnyTag"},"is_exception":false} []
[2016-01-22 11:46:30] main.DEBUG: cache_invalidate:  {"method":"GET","url":"http:/","invalidateInfo":{"tags":["cms_page"],"mode":"matchingAnyTag"},"is_exception":false} []
[2016-01-22 11:46:30] main.DEBUG: cache_invalidate:  {"method":"GET","url":"http:/","invalidateInfo":{"tags":["cms_page_3","cms_page"],"mode":"matchingAnyTag"},"is_exception":false} []
[2016-01-22 11:46:30] main.DEBUG: cache_invalidate:  {"method":"GET","url":"http:/","invalidateInfo":{"tags":["cms_page_3","cms_page"],"mode":"matchingAnyTag"},"is_exception":false} []
[2016-01-22 11:46:30] main.DEBUG: cache_invalidate:  {"method":"GET","url":"http:/","invalidateInfo":{"tags":["cms_page"],"mode":"matchingAnyTag"},"is_exception":false} []
[2016-01-22 11:46:30] main.DEBUG: cache_invalidate:  {"method":"GET","url":"http:/","invalidateInfo":{"tags":["cms_page_4","cms_page"],"mode":"matchingAnyTag"},"is_exception":false} []
[2016-01-22 11:46:30] main.DEBUG: cache_invalidate:  {"method":"GET","url":"http:/","invalidateInfo":{"tags":["cms_page_4","cms_page"],"mode":"matchingAnyTag"},"is_exception":false} []
[2016-01-22 11:46:30] main.DEBUG: cache_invalidate:  {"method":"GET","url":"http:/","invalidateInfo":{"tags":["EAV"],"mode":"matchingAnyTag"},"is_exception":false} []
[2016-01-22 11:46:31] main.DEBUG: cache_invalidate:  {"method":"GET","url":"http:/","invalidateInfo":{"tags":["catalog_category"],"mode":"matchingAnyTag"},"is_exception":false} []
[2016-01-22 11:46:31] main.DEBUG: cache_invalidate:  {"method":"GET","url":"http:/","invalidateInfo":{"tags":["catalog_category_1","catalog_category_product_1","catalog_category","catalog_category_product"],"mode":"matchingAnyTag"},"is_exception":false} []
[2016-01-22 11:46:31] main.DEBUG: cache_invalidate:  {"method":"GET","url":"http:/","invalidateInfo":{"tags":["catalog_category_1","catalog_category_product_1","catalog_category","catalog_category_product"],"mode":"matchingAnyTag"},"is_exception":false} []
[2016-01-22 11:46:31] main.DEBUG: cache_invalidate:  {"method":"GET","url":"http:/","invalidateInfo":{"tags":["catalog_category"],"mode":"matchingAnyTag"},"is_exception":false} []
[2016-01-22 11:46:31] main.DEBUG: cache_invalidate:  {"method":"GET","url":"http:/","invalidateInfo":{"tags":["catalog_category_2","catalog_category_product_2","catalog_category","catalog_category_product"],"mode":"matchingAnyTag"},"is_exception":false} []
[2016-01-22 11:46:31] main.DEBUG: cache_invalidate:  {"method":"GET","url":"http:/","invalidateInfo":{"tags":["catalog_category_2","catalog_category_product_2","catalog_category","catalog_category_product"],"mode":"matchingAnyTag"},"is_exception":false} []
[2016-01-22 11:46:32] main.DEBUG: cache_invalidate:  {"method":"GET","url":"http:/","invalidateInfo":{"identifier":"DB_PDO_MYSQL_DDL_quote_address_1"},"is_exception":false} []
[2016-01-22 11:46:32] main.DEBUG: cache_invalidate:  {"method":"GET","url":"http:/","invalidateInfo":{"identifier":"DB_PDO_MYSQL_DDL_quote_address_2"},"is_exception":false} []
[2016-01-22 11:46:32] main.DEBUG: cache_invalidate:  {"method":"GET","url":"http:/","invalidateInfo":{"identifier":"DB_PDO_MYSQL_DDL_quote_address_3"},"is_exception":false} []
[2016-01-22 11:46:32] main.DEBUG: cache_invalidate:  {"method":"GET","url":"http:/","invalidateInfo":{"identifier":"DB_PDO_MYSQL_DDL_quote_address_4"},"is_exception":false} []
[2016-01-22 11:46:32] main.DEBUG: cache_invalidate:  {"method":"GET","url":"http:/","invalidateInfo":{"identifier":"DB_PDO_MYSQL_DDL_quote_address_1"},"is_exception":false} []
[2016-01-22 11:46:32] main.DEBUG: cache_invalidate:  {"method":"GET","url":"http:/","invalidateInfo":{"identifier":"DB_PDO_MYSQL_DDL_quote_address_2"},"is_exception":false} []
[2016-01-22 11:46:32] main.DEBUG: cache_invalidate:  {"method":"GET","url":"http:/","invalidateInfo":{"identifier":"DB_PDO_MYSQL_DDL_quote_address_3"},"is_exception":false} []
[2016-01-22 11:46:32] main.DEBUG: cache_invalidate:  {"method":"GET","url":"http:/","invalidateInfo":{"identifier":"DB_PDO_MYSQL_DDL_quote_address_4"},"is_exception":false} []
[2016-01-22 11:46:32] main.DEBUG: cache_invalidate:  {"method":"GET","url":"http:/","invalidateInfo":{"identifier":"DB_PDO_MYSQL_DDL_quote_address_1"},"is_exception":false} []
[2016-01-22 11:46:32] main.DEBUG: cache_invalidate:  {"method":"GET","url":"http:/","invalidateInfo":{"identifier":"DB_PDO_MYSQL_DDL_quote_address_2"},"is_exception":false} []
[2016-01-22 11:46:32] main.DEBUG: cache_invalidate:  {"method":"GET","url":"http:/","invalidateInfo":{"identifier":"DB_PDO_MYSQL_DDL_quote_address_3"},"is_exception":false} []
[2016-01-22 11:46:32] main.DEBUG: cache_invalidate:  {"method":"GET","url":"http:/","invalidateInfo":{"identifier":"DB_PDO_MYSQL_DDL_quote_address_4"},"is_exception":false} []
[2016-01-22 11:46:32] main.DEBUG: cache_invalidate:  {"method":"GET","url":"http:/","invalidateInfo":{"identifier":"DB_PDO_MYSQL_DDL_quote_address_1"},"is_exception":false} []
[2016-01-22 11:46:32] main.DEBUG: cache_invalidate:  {"method":"GET","url":"http:/","invalidateInfo":{"identifier":"DB_PDO_MYSQL_DDL_quote_address_2"},"is_exception":false} []
[2016-01-22 11:46:32] main.DEBUG: cache_invalidate:  {"method":"GET","url":"http:/","invalidateInfo":{"identifier":"DB_PDO_MYSQL_DDL_quote_address_3"},"is_exception":false} []
[2016-01-22 11:46:32] main.DEBUG: cache_invalidate:  {"method":"GET","url":"http:/","invalidateInfo":{"identifier":"DB_PDO_MYSQL_DDL_quote_address_4"},"is_exception":false} []
[2016-01-22 11:46:32] main.DEBUG: cache_invalidate:  {"method":"GET","url":"http:/","invalidateInfo":{"identifier":"DB_PDO_MYSQL_DDL_quote_address_1"},"is_exception":false} []
[2016-01-22 11:46:32] main.DEBUG: cache_invalidate:  {"method":"GET","url":"http:/","invalidateInfo":{"identifier":"DB_PDO_MYSQL_DDL_quote_address_2"},"is_exception":false} []
[2016-01-22 11:46:32] main.DEBUG: cache_invalidate:  {"method":"GET","url":"http:/","invalidateInfo":{"identifier":"DB_PDO_MYSQL_DDL_quote_address_3"},"is_exception":false} []
[2016-01-22 11:46:32] main.DEBUG: cache_invalidate:  {"method":"GET","url":"http:/","invalidateInfo":{"identifier":"DB_PDO_MYSQL_DDL_quote_address_4"},"is_exception":false} []
[2016-01-22 11:46:32] main.DEBUG: cache_invalidate:  {"method":"GET","url":"http:/","invalidateInfo":{"tags":["BACKEND_MAINMENU"],"mode":"matchingTag"},"is_exception":false} []
[2016-01-22 11:46:32] main.DEBUG: cache_invalidate:  {"method":"GET","url":"http:/","invalidateInfo":{"tags":["EAV"],"mode":"matchingAnyTag"},"is_exception":false} []
[2016-01-22 11:46:32] main.DEBUG: cache_invalidate:  {"method":"GET","url":"http:/","invalidateInfo":{"identifier":"DB_PDO_MYSQL_DDL_sales_order_address_1"},"is_exception":false} []
[2016-01-22 11:46:32] main.DEBUG: cache_invalidate:  {"method":"GET","url":"http:/","invalidateInfo":{"identifier":"DB_PDO_MYSQL_DDL_sales_order_address_2"},"is_exception":false} []
[2016-01-22 11:46:32] main.DEBUG: cache_invalidate:  {"method":"GET","url":"http:/","invalidateInfo":{"identifier":"DB_PDO_MYSQL_DDL_sales_order_address_3"},"is_exception":false} []
[2016-01-22 11:46:32] main.DEBUG: cache_invalidate:  {"method":"GET","url":"http:/","invalidateInfo":{"identifier":"DB_PDO_MYSQL_DDL_sales_order_address_4"},"is_exception":false} []
[2016-01-22 11:46:32] main.DEBUG: cache_invalidate:  {"method":"GET","url":"http:/","invalidateInfo":{"identifier":"DB_PDO_MYSQL_DDL_sales_order_address_1"},"is_exception":false} []
[2016-01-22 11:46:32] main.DEBUG: cache_invalidate:  {"method":"GET","url":"http:/","invalidateInfo":{"identifier":"DB_PDO_MYSQL_DDL_sales_order_address_2"},"is_exception":false} []
[2016-01-22 11:46:32] main.DEBUG: cache_invalidate:  {"method":"GET","url":"http:/","invalidateInfo":{"identifier":"DB_PDO_MYSQL_DDL_sales_order_address_3"},"is_exception":false} []
[2016-01-22 11:46:32] main.DEBUG: cache_invalidate:  {"method":"GET","url":"http:/","invalidateInfo":{"identifier":"DB_PDO_MYSQL_DDL_sales_order_address_4"},"is_exception":false} []
[2016-01-22 11:46:32] main.DEBUG: cache_invalidate:  {"method":"GET","url":"http:/","invalidateInfo":{"identifier":"DB_PDO_MYSQL_DDL_sales_order_address_1"},"is_exception":false} []
[2016-01-22 11:46:32] main.DEBUG: cache_invalidate:  {"method":"GET","url":"http:/","invalidateInfo":{"identifier":"DB_PDO_MYSQL_DDL_sales_order_address_2"},"is_exception":false} []
[2016-01-22 11:46:32] main.DEBUG: cache_invalidate:  {"method":"GET","url":"http:/","invalidateInfo":{"identifier":"DB_PDO_MYSQL_DDL_sales_order_address_3"},"is_exception":false} []
[2016-01-22 11:46:32] main.DEBUG: cache_invalidate:  {"method":"GET","url":"http:/","invalidateInfo":{"identifier":"DB_PDO_MYSQL_DDL_sales_order_address_4"},"is_exception":false} []
[2016-01-22 11:46:32] main.DEBUG: cache_invalidate:  {"method":"GET","url":"http:/","invalidateInfo":{"identifier":"DB_PDO_MYSQL_DDL_sales_order_address_1"},"is_exception":false} []
[2016-01-22 11:46:32] main.DEBUG: cache_invalidate:  {"method":"GET","url":"http:/","invalidateInfo":{"identifier":"DB_PDO_MYSQL_DDL_sales_order_address_2"},"is_exception":false} []
[2016-01-22 11:46:32] main.DEBUG: cache_invalidate:  {"method":"GET","url":"http:/","invalidateInfo":{"identifier":"DB_PDO_MYSQL_DDL_sales_order_address_3"},"is_exception":false} []
[2016-01-22 11:46:32] main.DEBUG: cache_invalidate:  {"method":"GET","url":"http:/","invalidateInfo":{"identifier":"DB_PDO_MYSQL_DDL_sales_order_address_4"},"is_exception":false} []
[2016-01-22 11:46:32] main.DEBUG: cache_invalidate:  {"method":"GET","url":"http:/","invalidateInfo":{"identifier":"DB_PDO_MYSQL_DDL_sales_order_address_1"},"is_exception":false} []
[2016-01-22 11:46:32] main.DEBUG: cache_invalidate:  {"method":"GET","url":"http:/","invalidateInfo":{"identifier":"DB_PDO_MYSQL_DDL_sales_order_address_2"},"is_exception":false} []
[2016-01-22 11:46:32] main.DEBUG: cache_invalidate:  {"method":"GET","url":"http:/","invalidateInfo":{"identifier":"DB_PDO_MYSQL_DDL_sales_order_address_3"},"is_exception":false} []
[2016-01-22 11:46:32] main.DEBUG: cache_invalidate:  {"method":"GET","url":"http:/","invalidateInfo":{"identifier":"DB_PDO_MYSQL_DDL_sales_order_address_4"},"is_exception":false} []
[2016-01-22 11:46:32] main.DEBUG: cache_invalidate:  {"method":"GET","url":"http:/","invalidateInfo":{"tags":["EAV","EAV_ATTRIBUTE"],"mode":"matchingAnyTag"},"is_exception":false} []
[2016-01-22 11:46:33] main.DEBUG: cache_invalidate:  {"method":"GET","url":"http:/","invalidateInfo":{"identifier":"DB_PDO_MYSQL_DDL_quote_payment_1"},"is_exception":false} []
[2016-01-22 11:46:33] main.DEBUG: cache_invalidate:  {"method":"GET","url":"http:/","invalidateInfo":{"identifier":"DB_PDO_MYSQL_DDL_quote_payment_2"},"is_exception":false} []
[2016-01-22 11:46:33] main.DEBUG: cache_invalidate:  {"method":"GET","url":"http:/","invalidateInfo":{"identifier":"DB_PDO_MYSQL_DDL_quote_payment_3"},"is_exception":false} []
[2016-01-22 11:46:33] main.DEBUG: cache_invalidate:  {"method":"GET","url":"http:/","invalidateInfo":{"identifier":"DB_PDO_MYSQL_DDL_quote_payment_4"},"is_exception":false} []
[2016-01-22 11:46:33] main.DEBUG: cache_invalidate:  {"method":"GET","url":"http:/","invalidateInfo":{"identifier":"DB_PDO_MYSQL_DDL_quote_payment_1"},"is_exception":false} []
[2016-01-22 11:46:33] main.DEBUG: cache_invalidate:  {"method":"GET","url":"http:/","invalidateInfo":{"identifier":"DB_PDO_MYSQL_DDL_quote_payment_2"},"is_exception":false} []
[2016-01-22 11:46:33] main.DEBUG: cache_invalidate:  {"method":"GET","url":"http:/","invalidateInfo":{"identifier":"DB_PDO_MYSQL_DDL_quote_payment_3"},"is_exception":false} []
[2016-01-22 11:46:33] main.DEBUG: cache_invalidate:  {"method":"GET","url":"http:/","invalidateInfo":{"identifier":"DB_PDO_MYSQL_DDL_quote_payment_4"},"is_exception":false} []
[2016-01-22 11:46:33] main.DEBUG: cache_invalidate:  {"method":"GET","url":"http:/","invalidateInfo":{"identifier":"DB_PDO_MYSQL_DDL_quote_payment_1"},"is_exception":false} []
[2016-01-22 11:46:33] main.DEBUG: cache_invalidate:  {"method":"GET","url":"http:/","invalidateInfo":{"identifier":"DB_PDO_MYSQL_DDL_quote_payment_2"},"is_exception":false} []
[2016-01-22 11:46:33] main.DEBUG: cache_invalidate:  {"method":"GET","url":"http:/","invalidateInfo":{"identifier":"DB_PDO_MYSQL_DDL_quote_payment_3"},"is_exception":false} []
[2016-01-22 11:46:33] main.DEBUG: cache_invalidate:  {"method":"GET","url":"http:/","invalidateInfo":{"identifier":"DB_PDO_MYSQL_DDL_quote_payment_4"},"is_exception":false} []
[2016-01-22 11:46:33] main.DEBUG: cache_invalidate:  {"method":"GET","url":"http:/","invalidateInfo":{"identifier":"DB_PDO_MYSQL_DDL_sales_order_1"},"is_exception":false} []
[2016-01-22 11:46:33] main.DEBUG: cache_invalidate:  {"method":"GET","url":"http:/","invalidateInfo":{"identifier":"DB_PDO_MYSQL_DDL_sales_order_2"},"is_exception":false} []
[2016-01-22 11:46:33] main.DEBUG: cache_invalidate:  {"method":"GET","url":"http:/","invalidateInfo":{"identifier":"DB_PDO_MYSQL_DDL_sales_order_3"},"is_exception":false} []
[2016-01-22 11:46:33] main.DEBUG: cache_invalidate:  {"method":"GET","url":"http:/","invalidateInfo":{"identifier":"DB_PDO_MYSQL_DDL_sales_order_4"},"is_exception":false} []
[2016-01-22 11:46:33] main.DEBUG: cache_invalidate:  {"method":"GET","url":"http:/","invalidateInfo":{"tags":["cms_page"],"mode":"matchingAnyTag"},"is_exception":false} []
[2016-01-22 11:46:33] main.DEBUG: cache_invalidate:  {"method":"GET","url":"http:/","invalidateInfo":{"tags":["cms_page_2","cms_page"],"mode":"matchingAnyTag"},"is_exception":false} []
[2016-01-22 11:46:33] main.DEBUG: cache_invalidate:  {"method":"GET","url":"http:/","invalidateInfo":{"tags":["cms_page_2","cms_page"],"mode":"matchingAnyTag"},"is_exception":false} []
[2016-01-22 11:46:33] main.DEBUG: cache_invalidate:  {"method":"GET","url":"http:/","invalidateInfo":{"tags":["EAV","EAV_ATTRIBUTE"],"mode":"matchingAnyTag"},"is_exception":false} []
[2016-01-22 11:46:33] main.DEBUG: cache_invalidate:  {"method":"GET","url":"http:/","invalidateInfo":{"tags":["EAV_ATTRIBUTE"],"mode":"matchingAnyTag"},"is_exception":false} []
[2016-01-22 11:46:33] main.DEBUG: cache_invalidate:  {"method":"GET","url":"http:/","invalidateInfo":{"tags":["EAV_ATTRIBUTE_71","EAV_ATTRIBUTE"],"mode":"matchingAnyTag"},"is_exception":false} []
[2016-01-22 11:46:33] main.DEBUG: cache_invalidate:  {"method":"GET","url":"http:/","invalidateInfo":{"tags":["EAV_ATTRIBUTE_71","EAV_ATTRIBUTE"],"mode":"matchingAnyTag"},"is_exception":false} []
[2016-01-22 11:46:33] main.DEBUG: cache_invalidate:  {"method":"GET","url":"http:/","invalidateInfo":{"tags":["EAV","EAV_ATTRIBUTE"],"mode":"matchingAnyTag"},"is_exception":false} []
[2016-01-22 11:46:33] main.DEBUG: cache_invalidate:  {"method":"GET","url":"http:/","invalidateInfo":{"tags":["EAV_ATTRIBUTE"],"mode":"matchingAnyTag"},"is_exception":false} []
[2016-01-22 11:46:33] main.DEBUG: cache_invalidate:  {"method":"GET","url":"http:/","invalidateInfo":{"tags":["EAV_ATTRIBUTE_70","EAV_ATTRIBUTE"],"mode":"matchingAnyTag"},"is_exception":false} []
[2016-01-22 11:46:33] main.DEBUG: cache_invalidate:  {"method":"GET","url":"http:/","invalidateInfo":{"tags":["EAV_ATTRIBUTE_70","EAV_ATTRIBUTE"],"mode":"matchingAnyTag"},"is_exception":false} []
[2016-01-22 11:46:33] main.DEBUG: cache_invalidate:  {"method":"GET","url":"http:/","invalidateInfo":{"identifier":"DB_PDO_MYSQL_DDL_catalogsearch_fulltext_scope1_1"},"is_exception":false} []
[2016-01-22 11:46:33] main.DEBUG: cache_invalidate:  {"method":"GET","url":"http:/","invalidateInfo":{"identifier":"DB_PDO_MYSQL_DDL_catalogsearch_fulltext_scope1_2"},"is_exception":false} []
[2016-01-22 11:46:33] main.DEBUG: cache_invalidate:  {"method":"GET","url":"http:/","invalidateInfo":{"identifier":"DB_PDO_MYSQL_DDL_catalogsearch_fulltext_scope1_3"},"is_exception":false} []
[2016-01-22 11:46:33] main.DEBUG: cache_invalidate:  {"method":"GET","url":"http:/","invalidateInfo":{"identifier":"DB_PDO_MYSQL_DDL_catalogsearch_fulltext_scope1_4"},"is_exception":false} []
[2016-01-22 11:46:33] main.DEBUG: cache_invalidate:  {"method":"GET","url":"http:/","invalidateInfo":{"identifier":"request_declaration"},"is_exception":false} []
[2016-01-22 11:46:33] main.DEBUG: cache_invalidate:  {"method":"GET","url":"http:/","invalidateInfo":{"identifier":"DB_PDO_MYSQL_DDL_quote_1"},"is_exception":false} []
[2016-01-22 11:46:33] main.DEBUG: cache_invalidate:  {"method":"GET","url":"http:/","invalidateInfo":{"identifier":"DB_PDO_MYSQL_DDL_quote_2"},"is_exception":false} []
[2016-01-22 11:46:33] main.DEBUG: cache_invalidate:  {"method":"GET","url":"http:/","invalidateInfo":{"identifier":"DB_PDO_MYSQL_DDL_quote_3"},"is_exception":false} []
[2016-01-22 11:46:33] main.DEBUG: cache_invalidate:  {"method":"GET","url":"http:/","invalidateInfo":{"identifier":"DB_PDO_MYSQL_DDL_quote_4"},"is_exception":false} []
[2016-01-22 11:46:33] main.DEBUG: cache_invalidate:  {"method":"GET","url":"http:/","invalidateInfo":{"identifier":"DB_PDO_MYSQL_DDL_quote_address_1"},"is_exception":false} []
[2016-01-22 11:46:33] main.DEBUG: cache_invalidate:  {"method":"GET","url":"http:/","invalidateInfo":{"identifier":"DB_PDO_MYSQL_DDL_quote_address_2"},"is_exception":false} []
[2016-01-22 11:46:33] main.DEBUG: cache_invalidate:  {"method":"GET","url":"http:/","invalidateInfo":{"identifier":"DB_PDO_MYSQL_DDL_quote_address_3"},"is_exception":false} []
[2016-01-22 11:46:33] main.DEBUG: cache_invalidate:  {"method":"GET","url":"http:/","invalidateInfo":{"identifier":"DB_PDO_MYSQL_DDL_quote_address_4"},"is_exception":false} []
[2016-01-22 11:46:33] main.DEBUG: cache_invalidate:  {"method":"GET","url":"http:/","invalidateInfo":{"identifier":"DB_PDO_MYSQL_DDL_quote_item_1"},"is_exception":false} []
[2016-01-22 11:46:33] main.DEBUG: cache_invalidate:  {"method":"GET","url":"http:/","invalidateInfo":{"identifier":"DB_PDO_MYSQL_DDL_quote_item_2"},"is_exception":false} []
[2016-01-22 11:46:33] main.DEBUG: cache_invalidate:  {"method":"GET","url":"http:/","invalidateInfo":{"identifier":"DB_PDO_MYSQL_DDL_quote_item_3"},"is_exception":false} []
[2016-01-22 11:46:33] main.DEBUG: cache_invalidate:  {"method":"GET","url":"http:/","invalidateInfo":{"identifier":"DB_PDO_MYSQL_DDL_quote_item_4"},"is_exception":false} []
[2016-01-22 11:46:33] main.DEBUG: cache_invalidate:  {"method":"GET","url":"http:/","invalidateInfo":{"identifier":"DB_PDO_MYSQL_DDL_quote_address_item_1"},"is_exception":false} []
[2016-01-22 11:46:33] main.DEBUG: cache_invalidate:  {"method":"GET","url":"http:/","invalidateInfo":{"identifier":"DB_PDO_MYSQL_DDL_quote_address_item_2"},"is_exception":false} []
[2016-01-22 11:46:33] main.DEBUG: cache_invalidate:  {"method":"GET","url":"http:/","invalidateInfo":{"identifier":"DB_PDO_MYSQL_DDL_quote_address_item_3"},"is_exception":false} []
[2016-01-22 11:46:33] main.DEBUG: cache_invalidate:  {"method":"GET","url":"http:/","invalidateInfo":{"identifier":"DB_PDO_MYSQL_DDL_quote_address_item_4"},"is_exception":false} []
[2016-01-22 11:46:33] main.DEBUG: cache_invalidate:  {"method":"GET","url":"http:/","invalidateInfo":{"identifier":"DB_PDO_MYSQL_DDL_sales_order_1"},"is_exception":false} []
[2016-01-22 11:46:33] main.DEBUG: cache_invalidate:  {"method":"GET","url":"http:/","invalidateInfo":{"identifier":"DB_PDO_MYSQL_DDL_sales_order_2"},"is_exception":false} []
[2016-01-22 11:46:33] main.DEBUG: cache_invalidate:  {"method":"GET","url":"http:/","invalidateInfo":{"identifier":"DB_PDO_MYSQL_DDL_sales_order_3"},"is_exception":false} []
[2016-01-22 11:46:33] main.DEBUG: cache_invalidate:  {"method":"GET","url":"http:/","invalidateInfo":{"identifier":"DB_PDO_MYSQL_DDL_sales_order_4"},"is_exception":false} []
[2016-01-22 11:46:33] main.DEBUG: cache_invalidate:  {"method":"GET","url":"http:/","invalidateInfo":{"identifier":"DB_PDO_MYSQL_DDL_sales_order_item_1"},"is_exception":false} []
[2016-01-22 11:46:33] main.DEBUG: cache_invalidate:  {"method":"GET","url":"http:/","invalidateInfo":{"identifier":"DB_PDO_MYSQL_DDL_sales_order_item_2"},"is_exception":false} []
[2016-01-22 11:46:33] main.DEBUG: cache_invalidate:  {"method":"GET","url":"http:/","invalidateInfo":{"identifier":"DB_PDO_MYSQL_DDL_sales_order_item_3"},"is_exception":false} []
[2016-01-22 11:46:33] main.DEBUG: cache_invalidate:  {"method":"GET","url":"http:/","invalidateInfo":{"identifier":"DB_PDO_MYSQL_DDL_sales_order_item_4"},"is_exception":false} []
[2016-01-22 11:46:33] main.DEBUG: cache_invalidate:  {"method":"GET","url":"http:/","invalidateInfo":{"identifier":"DB_PDO_MYSQL_DDL_sales_order_item_1"},"is_exception":false} []
[2016-01-22 11:46:33] main.DEBUG: cache_invalidate:  {"method":"GET","url":"http:/","invalidateInfo":{"identifier":"DB_PDO_MYSQL_DDL_sales_order_item_2"},"is_exception":false} []
[2016-01-22 11:46:33] main.DEBUG: cache_invalidate:  {"method":"GET","url":"http:/","invalidateInfo":{"identifier":"DB_PDO_MYSQL_DDL_sales_order_item_3"},"is_exception":false} []
[2016-01-22 11:46:33] main.DEBUG: cache_invalidate:  {"method":"GET","url":"http:/","invalidateInfo":{"identifier":"DB_PDO_MYSQL_DDL_sales_order_item_4"},"is_exception":false} []
[2016-01-22 11:46:34] main.DEBUG: cache_invalidate:  {"method":"GET","url":"http:/","invalidateInfo":{"identifier":"DB_PDO_MYSQL_DDL_quote_item_1"},"is_exception":false} []
[2016-01-22 11:46:34] main.DEBUG: cache_invalidate:  {"method":"GET","url":"http:/","invalidateInfo":{"identifier":"DB_PDO_MYSQL_DDL_quote_item_2"},"is_exception":false} []
[2016-01-22 11:46:34] main.DEBUG: cache_invalidate:  {"method":"GET","url":"http:/","invalidateInfo":{"identifier":"DB_PDO_MYSQL_DDL_quote_item_3"},"is_exception":false} []
[2016-01-22 11:46:34] main.DEBUG: cache_invalidate:  {"method":"GET","url":"http:/","invalidateInfo":{"identifier":"DB_PDO_MYSQL_DDL_quote_item_4"},"is_exception":false} []
[2016-01-22 11:46:34] main.DEBUG: cache_invalidate:  {"method":"GET","url":"http:/","invalidateInfo":{"identifier":"DB_PDO_MYSQL_DDL_quote_item_1"},"is_exception":false} []
[2016-01-22 11:46:34] main.DEBUG: cache_invalidate:  {"method":"GET","url":"http:/","invalidateInfo":{"identifier":"DB_PDO_MYSQL_DDL_quote_item_2"},"is_exception":false} []
[2016-01-22 11:46:34] main.DEBUG: cache_invalidate:  {"method":"GET","url":"http:/","invalidateInfo":{"identifier":"DB_PDO_MYSQL_DDL_quote_item_3"},"is_exception":false} []
[2016-01-22 11:46:34] main.DEBUG: cache_invalidate:  {"method":"GET","url":"http:/","invalidateInfo":{"identifier":"DB_PDO_MYSQL_DDL_quote_item_4"},"is_exception":false} []
[2016-01-22 11:46:34] main.DEBUG: cache_invalidate:  {"method":"GET","url":"http:/","invalidateInfo":{"identifier":"DB_PDO_MYSQL_DDL_quote_item_1"},"is_exception":false} []
[2016-01-22 11:46:34] main.DEBUG: cache_invalidate:  {"method":"GET","url":"http:/","invalidateInfo":{"identifier":"DB_PDO_MYSQL_DDL_quote_item_2"},"is_exception":false} []
[2016-01-22 11:46:34] main.DEBUG: cache_invalidate:  {"method":"GET","url":"http:/","invalidateInfo":{"identifier":"DB_PDO_MYSQL_DDL_quote_item_3"},"is_exception":false} []
[2016-01-22 11:46:34] main.DEBUG: cache_invalidate:  {"method":"GET","url":"http:/","invalidateInfo":{"identifier":"DB_PDO_MYSQL_DDL_quote_item_4"},"is_exception":false} []
[2016-01-22 11:46:34] main.DEBUG: cache_invalidate:  {"method":"GET","url":"http:/","invalidateInfo":{"identifier":"DB_PDO_MYSQL_DDL_quote_item_1"},"is_exception":false} []
[2016-01-22 11:46:34] main.DEBUG: cache_invalidate:  {"method":"GET","url":"http:/","invalidateInfo":{"identifier":"DB_PDO_MYSQL_DDL_quote_item_2"},"is_exception":false} []
[2016-01-22 11:46:34] main.DEBUG: cache_invalidate:  {"method":"GET","url":"http:/","invalidateInfo":{"identifier":"DB_PDO_MYSQL_DDL_quote_item_3"},"is_exception":false} []
[2016-01-22 11:46:34] main.DEBUG: cache_invalidate:  {"method":"GET","url":"http:/","invalidateInfo":{"identifier":"DB_PDO_MYSQL_DDL_quote_item_4"},"is_exception":false} []
[2016-01-22 11:46:34] main.DEBUG: cache_invalidate:  {"method":"GET","url":"http:/","invalidateInfo":{"identifier":"DB_PDO_MYSQL_DDL_quote_item_1"},"is_exception":false} []
[2016-01-22 11:46:34] main.DEBUG: cache_invalidate:  {"method":"GET","url":"http:/","invalidateInfo":{"identifier":"DB_PDO_MYSQL_DDL_quote_item_2"},"is_exception":false} []
[2016-01-22 11:46:34] main.DEBUG: cache_invalidate:  {"method":"GET","url":"http:/","invalidateInfo":{"identifier":"DB_PDO_MYSQL_DDL_quote_item_3"},"is_exception":false} []
[2016-01-22 11:46:34] main.DEBUG: cache_invalidate:  {"method":"GET","url":"http:/","invalidateInfo":{"identifier":"DB_PDO_MYSQL_DDL_quote_item_4"},"is_exception":false} []
[2016-01-22 11:46:34] main.DEBUG: cache_invalidate:  {"method":"GET","url":"http:/","invalidateInfo":{"identifier":"DB_PDO_MYSQL_DDL_quote_item_1"},"is_exception":false} []
[2016-01-22 11:46:34] main.DEBUG: cache_invalidate:  {"method":"GET","url":"http:/","invalidateInfo":{"identifier":"DB_PDO_MYSQL_DDL_quote_item_2"},"is_exception":false} []
[2016-01-22 11:46:34] main.DEBUG: cache_invalidate:  {"method":"GET","url":"http:/","invalidateInfo":{"identifier":"DB_PDO_MYSQL_DDL_quote_item_3"},"is_exception":false} []
[2016-01-22 11:46:34] main.DEBUG: cache_invalidate:  {"method":"GET","url":"http:/","invalidateInfo":{"identifier":"DB_PDO_MYSQL_DDL_quote_item_4"},"is_exception":false} []
[2016-01-22 11:46:34] main.DEBUG: cache_invalidate:  {"method":"GET","url":"http:/","invalidateInfo":{"identifier":"DB_PDO_MYSQL_DDL_quote_item_1"},"is_exception":false} []
[2016-01-22 11:46:34] main.DEBUG: cache_invalidate:  {"method":"GET","url":"http:/","invalidateInfo":{"identifier":"DB_PDO_MYSQL_DDL_quote_item_2"},"is_exception":false} []
[2016-01-22 11:46:34] main.DEBUG: cache_invalidate:  {"method":"GET","url":"http:/","invalidateInfo":{"identifier":"DB_PDO_MYSQL_DDL_quote_item_3"},"is_exception":false} []
[2016-01-22 11:46:34] main.DEBUG: cache_invalidate:  {"method":"GET","url":"http:/","invalidateInfo":{"identifier":"DB_PDO_MYSQL_DDL_quote_item_4"},"is_exception":false} []
[2016-01-22 11:46:34] main.DEBUG: cache_invalidate:  {"method":"GET","url":"http:/","invalidateInfo":{"identifier":"DB_PDO_MYSQL_DDL_quote_item_1"},"is_exception":false} []
[2016-01-22 11:46:34] main.DEBUG: cache_invalidate:  {"method":"GET","url":"http:/","invalidateInfo":{"identifier":"DB_PDO_MYSQL_DDL_quote_item_2"},"is_exception":false} []
[2016-01-22 11:46:34] main.DEBUG: cache_invalidate:  {"method":"GET","url":"http:/","invalidateInfo":{"identifier":"DB_PDO_MYSQL_DDL_quote_item_3"},"is_exception":false} []
[2016-01-22 11:46:34] main.DEBUG: cache_invalidate:  {"method":"GET","url":"http:/","invalidateInfo":{"identifier":"DB_PDO_MYSQL_DDL_quote_item_4"},"is_exception":false} []
[2016-01-22 11:46:34] main.DEBUG: cache_invalidate:  {"method":"GET","url":"http:/","invalidateInfo":{"identifier":"DB_PDO_MYSQL_DDL_quote_item_1"},"is_exception":false} []
[2016-01-22 11:46:34] main.DEBUG: cache_invalidate:  {"method":"GET","url":"http:/","invalidateInfo":{"identifier":"DB_PDO_MYSQL_DDL_quote_item_2"},"is_exception":false} []
[2016-01-22 11:46:34] main.DEBUG: cache_invalidate:  {"method":"GET","url":"http:/","invalidateInfo":{"identifier":"DB_PDO_MYSQL_DDL_quote_item_3"},"is_exception":false} []
[2016-01-22 11:46:34] main.DEBUG: cache_invalidate:  {"method":"GET","url":"http:/","invalidateInfo":{"identifier":"DB_PDO_MYSQL_DDL_quote_item_4"},"is_exception":false} []
[2016-01-22 11:46:34] main.DEBUG: cache_invalidate:  {"method":"GET","url":"http:/","invalidateInfo":{"identifier":"DB_PDO_MYSQL_DDL_sales_order_item_1"},"is_exception":false} []
[2016-01-22 11:46:34] main.DEBUG: cache_invalidate:  {"method":"GET","url":"http:/","invalidateInfo":{"identifier":"DB_PDO_MYSQL_DDL_sales_order_item_2"},"is_exception":false} []
[2016-01-22 11:46:34] main.DEBUG: cache_invalidate:  {"method":"GET","url":"http:/","invalidateInfo":{"identifier":"DB_PDO_MYSQL_DDL_sales_order_item_3"},"is_exception":false} []
[2016-01-22 11:46:34] main.DEBUG: cache_invalidate:  {"method":"GET","url":"http:/","invalidateInfo":{"identifier":"DB_PDO_MYSQL_DDL_sales_order_item_4"},"is_exception":false} []
[2016-01-22 11:46:34] main.DEBUG: cache_invalidate:  {"method":"GET","url":"http:/","invalidateInfo":{"identifier":"DB_PDO_MYSQL_DDL_sales_order_item_1"},"is_exception":false} []
[2016-01-22 11:46:34] main.DEBUG: cache_invalidate:  {"method":"GET","url":"http:/","invalidateInfo":{"identifier":"DB_PDO_MYSQL_DDL_sales_order_item_2"},"is_exception":false} []
[2016-01-22 11:46:34] main.DEBUG: cache_invalidate:  {"method":"GET","url":"http:/","invalidateInfo":{"identifier":"DB_PDO_MYSQL_DDL_sales_order_item_3"},"is_exception":false} []
[2016-01-22 11:46:34] main.DEBUG: cache_invalidate:  {"method":"GET","url":"http:/","invalidateInfo":{"identifier":"DB_PDO_MYSQL_DDL_sales_order_item_4"},"is_exception":false} []
[2016-01-22 11:46:34] main.DEBUG: cache_invalidate:  {"method":"GET","url":"http:/","invalidateInfo":{"identifier":"DB_PDO_MYSQL_DDL_sales_order_item_1"},"is_exception":false} []
[2016-01-22 11:46:34] main.DEBUG: cache_invalidate:  {"method":"GET","url":"http:/","invalidateInfo":{"identifier":"DB_PDO_MYSQL_DDL_sales_order_item_2"},"is_exception":false} []
[2016-01-22 11:46:34] main.DEBUG: cache_invalidate:  {"method":"GET","url":"http:/","invalidateInfo":{"identifier":"DB_PDO_MYSQL_DDL_sales_order_item_3"},"is_exception":false} []
[2016-01-22 11:46:34] main.DEBUG: cache_invalidate:  {"method":"GET","url":"http:/","invalidateInfo":{"identifier":"DB_PDO_MYSQL_DDL_sales_order_item_4"},"is_exception":false} []
[2016-01-22 11:46:34] main.DEBUG: cache_invalidate:  {"method":"GET","url":"http:/","invalidateInfo":{"identifier":"DB_PDO_MYSQL_DDL_sales_order_item_1"},"is_exception":false} []
[2016-01-22 11:46:34] main.DEBUG: cache_invalidate:  {"method":"GET","url":"http:/","invalidateInfo":{"identifier":"DB_PDO_MYSQL_DDL_sales_order_item_2"},"is_exception":false} []
[2016-01-22 11:46:34] main.DEBUG: cache_invalidate:  {"method":"GET","url":"http:/","invalidateInfo":{"identifier":"DB_PDO_MYSQL_DDL_sales_order_item_3"},"is_exception":false} []
[2016-01-22 11:46:34] main.DEBUG: cache_invalidate:  {"method":"GET","url":"http:/","invalidateInfo":{"identifier":"DB_PDO_MYSQL_DDL_sales_order_item_4"},"is_exception":false} []
[2016-01-22 11:46:34] main.DEBUG: cache_invalidate:  {"method":"GET","url":"http:/","invalidateInfo":{"identifier":"DB_PDO_MYSQL_DDL_sales_order_item_1"},"is_exception":false} []
[2016-01-22 11:46:34] main.DEBUG: cache_invalidate:  {"method":"GET","url":"http:/","invalidateInfo":{"identifier":"DB_PDO_MYSQL_DDL_sales_order_item_2"},"is_exception":false} []
[2016-01-22 11:46:34] main.DEBUG: cache_invalidate:  {"method":"GET","url":"http:/","invalidateInfo":{"identifier":"DB_PDO_MYSQL_DDL_sales_order_item_3"},"is_exception":false} []
[2016-01-22 11:46:34] main.DEBUG: cache_invalidate:  {"method":"GET","url":"http:/","invalidateInfo":{"identifier":"DB_PDO_MYSQL_DDL_sales_order_item_4"},"is_exception":false} []
[2016-01-22 11:46:34] main.DEBUG: cache_invalidate:  {"method":"GET","url":"http:/","invalidateInfo":{"identifier":"DB_PDO_MYSQL_DDL_sales_order_item_1"},"is_exception":false} []
[2016-01-22 11:46:34] main.DEBUG: cache_invalidate:  {"method":"GET","url":"http:/","invalidateInfo":{"identifier":"DB_PDO_MYSQL_DDL_sales_order_item_2"},"is_exception":false} []
[2016-01-22 11:46:34] main.DEBUG: cache_invalidate:  {"method":"GET","url":"http:/","invalidateInfo":{"identifier":"DB_PDO_MYSQL_DDL_sales_order_item_3"},"is_exception":false} []
[2016-01-22 11:46:34] main.DEBUG: cache_invalidate:  {"method":"GET","url":"http:/","invalidateInfo":{"identifier":"DB_PDO_MYSQL_DDL_sales_order_item_4"},"is_exception":false} []
[2016-01-22 11:46:34] main.DEBUG: cache_invalidate:  {"method":"GET","url":"http:/","invalidateInfo":{"identifier":"DB_PDO_MYSQL_DDL_sales_order_item_1"},"is_exception":false} []
[2016-01-22 11:46:34] main.DEBUG: cache_invalidate:  {"method":"GET","url":"http:/","invalidateInfo":{"identifier":"DB_PDO_MYSQL_DDL_sales_order_item_2"},"is_exception":false} []
[2016-01-22 11:46:34] main.DEBUG: cache_invalidate:  {"method":"GET","url":"http:/","invalidateInfo":{"identifier":"DB_PDO_MYSQL_DDL_sales_order_item_3"},"is_exception":false} []
[2016-01-22 11:46:34] main.DEBUG: cache_invalidate:  {"method":"GET","url":"http:/","invalidateInfo":{"identifier":"DB_PDO_MYSQL_DDL_sales_order_item_4"},"is_exception":false} []
[2016-01-22 11:46:34] main.DEBUG: cache_invalidate:  {"method":"GET","url":"http:/","invalidateInfo":{"identifier":"DB_PDO_MYSQL_DDL_sales_order_item_1"},"is_exception":false} []
[2016-01-22 11:46:34] main.DEBUG: cache_invalidate:  {"method":"GET","url":"http:/","invalidateInfo":{"identifier":"DB_PDO_MYSQL_DDL_sales_order_item_2"},"is_exception":false} []
[2016-01-22 11:46:34] main.DEBUG: cache_invalidate:  {"method":"GET","url":"http:/","invalidateInfo":{"identifier":"DB_PDO_MYSQL_DDL_sales_order_item_3"},"is_exception":false} []
[2016-01-22 11:46:34] main.DEBUG: cache_invalidate:  {"method":"GET","url":"http:/","invalidateInfo":{"identifier":"DB_PDO_MYSQL_DDL_sales_order_item_4"},"is_exception":false} []
[2016-01-22 11:46:34] main.DEBUG: cache_invalidate:  {"method":"GET","url":"http:/","invalidateInfo":{"identifier":"DB_PDO_MYSQL_DDL_sales_order_item_1"},"is_exception":false} []
[2016-01-22 11:46:34] main.DEBUG: cache_invalidate:  {"method":"GET","url":"http:/","invalidateInfo":{"identifier":"DB_PDO_MYSQL_DDL_sales_order_item_2"},"is_exception":false} []
[2016-01-22 11:46:34] main.DEBUG: cache_invalidate:  {"method":"GET","url":"http:/","invalidateInfo":{"identifier":"DB_PDO_MYSQL_DDL_sales_order_item_3"},"is_exception":false} []
[2016-01-22 11:46:34] main.DEBUG: cache_invalidate:  {"method":"GET","url":"http:/","invalidateInfo":{"identifier":"DB_PDO_MYSQL_DDL_sales_order_item_4"},"is_exception":false} []
[2016-01-22 11:46:34] main.DEBUG: cache_invalidate:  {"method":"GET","url":"http:/","invalidateInfo":{"identifier":"DB_PDO_MYSQL_DDL_sales_invoice_item_1"},"is_exception":false} []
[2016-01-22 11:46:34] main.DEBUG: cache_invalidate:  {"method":"GET","url":"http:/","invalidateInfo":{"identifier":"DB_PDO_MYSQL_DDL_sales_invoice_item_2"},"is_exception":false} []
[2016-01-22 11:46:34] main.DEBUG: cache_invalidate:  {"method":"GET","url":"http:/","invalidateInfo":{"identifier":"DB_PDO_MYSQL_DDL_sales_invoice_item_3"},"is_exception":false} []
[2016-01-22 11:46:34] main.DEBUG: cache_invalidate:  {"method":"GET","url":"http:/","invalidateInfo":{"identifier":"DB_PDO_MYSQL_DDL_sales_invoice_item_4"},"is_exception":false} []
[2016-01-22 11:46:34] main.DEBUG: cache_invalidate:  {"method":"GET","url":"http:/","invalidateInfo":{"identifier":"DB_PDO_MYSQL_DDL_sales_invoice_item_1"},"is_exception":false} []
[2016-01-22 11:46:34] main.DEBUG: cache_invalidate:  {"method":"GET","url":"http:/","invalidateInfo":{"identifier":"DB_PDO_MYSQL_DDL_sales_invoice_item_2"},"is_exception":false} []
[2016-01-22 11:46:34] main.DEBUG: cache_invalidate:  {"method":"GET","url":"http:/","invalidateInfo":{"identifier":"DB_PDO_MYSQL_DDL_sales_invoice_item_3"},"is_exception":false} []
[2016-01-22 11:46:34] main.DEBUG: cache_invalidate:  {"method":"GET","url":"http:/","invalidateInfo":{"identifier":"DB_PDO_MYSQL_DDL_sales_invoice_item_4"},"is_exception":false} []
[2016-01-22 11:46:34] main.DEBUG: cache_invalidate:  {"method":"GET","url":"http:/","invalidateInfo":{"identifier":"DB_PDO_MYSQL_DDL_sales_invoice_item_1"},"is_exception":false} []
[2016-01-22 11:46:34] main.DEBUG: cache_invalidate:  {"method":"GET","url":"http:/","invalidateInfo":{"identifier":"DB_PDO_MYSQL_DDL_sales_invoice_item_2"},"is_exception":false} []
[2016-01-22 11:46:34] main.DEBUG: cache_invalidate:  {"method":"GET","url":"http:/","invalidateInfo":{"identifier":"DB_PDO_MYSQL_DDL_sales_invoice_item_3"},"is_exception":false} []
[2016-01-22 11:46:34] main.DEBUG: cache_invalidate:  {"method":"GET","url":"http:/","invalidateInfo":{"identifier":"DB_PDO_MYSQL_DDL_sales_invoice_item_4"},"is_exception":false} []
[2016-01-22 11:46:34] main.DEBUG: cache_invalidate:  {"method":"GET","url":"http:/","invalidateInfo":{"identifier":"DB_PDO_MYSQL_DDL_sales_invoice_item_1"},"is_exception":false} []
[2016-01-22 11:46:34] main.DEBUG: cache_invalidate:  {"method":"GET","url":"http:/","invalidateInfo":{"identifier":"DB_PDO_MYSQL_DDL_sales_invoice_item_2"},"is_exception":false} []
[2016-01-22 11:46:34] main.DEBUG: cache_invalidate:  {"method":"GET","url":"http:/","invalidateInfo":{"identifier":"DB_PDO_MYSQL_DDL_sales_invoice_item_3"},"is_exception":false} []
[2016-01-22 11:46:34] main.DEBUG: cache_invalidate:  {"method":"GET","url":"http:/","invalidateInfo":{"identifier":"DB_PDO_MYSQL_DDL_sales_invoice_item_4"},"is_exception":false} []
[2016-01-22 11:46:34] main.DEBUG: cache_invalidate:  {"method":"GET","url":"http:/","invalidateInfo":{"identifier":"DB_PDO_MYSQL_DDL_sales_invoice_item_1"},"is_exception":false} []
[2016-01-22 11:46:34] main.DEBUG: cache_invalidate:  {"method":"GET","url":"http:/","invalidateInfo":{"identifier":"DB_PDO_MYSQL_DDL_sales_invoice_item_2"},"is_exception":false} []
[2016-01-22 11:46:34] main.DEBUG: cache_invalidate:  {"method":"GET","url":"http:/","invalidateInfo":{"identifier":"DB_PDO_MYSQL_DDL_sales_invoice_item_3"},"is_exception":false} []
[2016-01-22 11:46:34] main.DEBUG: cache_invalidate:  {"method":"GET","url":"http:/","invalidateInfo":{"identifier":"DB_PDO_MYSQL_DDL_sales_invoice_item_4"},"is_exception":false} []
[2016-01-22 11:46:34] main.DEBUG: cache_invalidate:  {"method":"GET","url":"http:/","invalidateInfo":{"identifier":"DB_PDO_MYSQL_DDL_sales_invoice_item_1"},"is_exception":false} []
[2016-01-22 11:46:34] main.DEBUG: cache_invalidate:  {"method":"GET","url":"http:/","invalidateInfo":{"identifier":"DB_PDO_MYSQL_DDL_sales_invoice_item_2"},"is_exception":false} []
[2016-01-22 11:46:34] main.DEBUG: cache_invalidate:  {"method":"GET","url":"http:/","invalidateInfo":{"identifier":"DB_PDO_MYSQL_DDL_sales_invoice_item_3"},"is_exception":false} []
[2016-01-22 11:46:34] main.DEBUG: cache_invalidate:  {"method":"GET","url":"http:/","invalidateInfo":{"identifier":"DB_PDO_MYSQL_DDL_sales_invoice_item_4"},"is_exception":false} []
[2016-01-22 11:46:34] main.DEBUG: cache_invalidate:  {"method":"GET","url":"http:/","invalidateInfo":{"identifier":"DB_PDO_MYSQL_DDL_sales_invoice_item_1"},"is_exception":false} []
[2016-01-22 11:46:34] main.DEBUG: cache_invalidate:  {"method":"GET","url":"http:/","invalidateInfo":{"identifier":"DB_PDO_MYSQL_DDL_sales_invoice_item_2"},"is_exception":false} []
[2016-01-22 11:46:34] main.DEBUG: cache_invalidate:  {"method":"GET","url":"http:/","invalidateInfo":{"identifier":"DB_PDO_MYSQL_DDL_sales_invoice_item_3"},"is_exception":false} []
[2016-01-22 11:46:34] main.DEBUG: cache_invalidate:  {"method":"GET","url":"http:/","invalidateInfo":{"identifier":"DB_PDO_MYSQL_DDL_sales_invoice_item_4"},"is_exception":false} []
[2016-01-22 11:46:34] main.DEBUG: cache_invalidate:  {"method":"GET","url":"http:/","invalidateInfo":{"identifier":"DB_PDO_MYSQL_DDL_sales_invoice_item_1"},"is_exception":false} []
[2016-01-22 11:46:34] main.DEBUG: cache_invalidate:  {"method":"GET","url":"http:/","invalidateInfo":{"identifier":"DB_PDO_MYSQL_DDL_sales_invoice_item_2"},"is_exception":false} []
[2016-01-22 11:46:34] main.DEBUG: cache_invalidate:  {"method":"GET","url":"http:/","invalidateInfo":{"identifier":"DB_PDO_MYSQL_DDL_sales_invoice_item_3"},"is_exception":false} []
[2016-01-22 11:46:34] main.DEBUG: cache_invalidate:  {"method":"GET","url":"http:/","invalidateInfo":{"identifier":"DB_PDO_MYSQL_DDL_sales_invoice_item_4"},"is_exception":false} []
[2016-01-22 11:46:34] main.DEBUG: cache_invalidate:  {"method":"GET","url":"http:/","invalidateInfo":{"identifier":"DB_PDO_MYSQL_DDL_sales_invoice_item_1"},"is_exception":false} []
[2016-01-22 11:46:34] main.DEBUG: cache_invalidate:  {"method":"GET","url":"http:/","invalidateInfo":{"identifier":"DB_PDO_MYSQL_DDL_sales_invoice_item_2"},"is_exception":false} []
[2016-01-22 11:46:34] main.DEBUG: cache_invalidate:  {"method":"GET","url":"http:/","invalidateInfo":{"identifier":"DB_PDO_MYSQL_DDL_sales_invoice_item_3"},"is_exception":false} []
[2016-01-22 11:46:34] main.DEBUG: cache_invalidate:  {"method":"GET","url":"http:/","invalidateInfo":{"identifier":"DB_PDO_MYSQL_DDL_sales_invoice_item_4"},"is_exception":false} []
[2016-01-22 11:46:34] main.DEBUG: cache_invalidate:  {"method":"GET","url":"http:/","invalidateInfo":{"identifier":"DB_PDO_MYSQL_DDL_sales_creditmemo_item_1"},"is_exception":false} []
[2016-01-22 11:46:34] main.DEBUG: cache_invalidate:  {"method":"GET","url":"http:/","invalidateInfo":{"identifier":"DB_PDO_MYSQL_DDL_sales_creditmemo_item_2"},"is_exception":false} []
[2016-01-22 11:46:34] main.DEBUG: cache_invalidate:  {"method":"GET","url":"http:/","invalidateInfo":{"identifier":"DB_PDO_MYSQL_DDL_sales_creditmemo_item_3"},"is_exception":false} []
[2016-01-22 11:46:34] main.DEBUG: cache_invalidate:  {"method":"GET","url":"http:/","invalidateInfo":{"identifier":"DB_PDO_MYSQL_DDL_sales_creditmemo_item_4"},"is_exception":false} []
[2016-01-22 11:46:34] main.DEBUG: cache_invalidate:  {"method":"GET","url":"http:/","invalidateInfo":{"identifier":"DB_PDO_MYSQL_DDL_sales_creditmemo_item_1"},"is_exception":false} []
[2016-01-22 11:46:34] main.DEBUG: cache_invalidate:  {"method":"GET","url":"http:/","invalidateInfo":{"identifier":"DB_PDO_MYSQL_DDL_sales_creditmemo_item_2"},"is_exception":false} []
[2016-01-22 11:46:34] main.DEBUG: cache_invalidate:  {"method":"GET","url":"http:/","invalidateInfo":{"identifier":"DB_PDO_MYSQL_DDL_sales_creditmemo_item_3"},"is_exception":false} []
[2016-01-22 11:46:34] main.DEBUG: cache_invalidate:  {"method":"GET","url":"http:/","invalidateInfo":{"identifier":"DB_PDO_MYSQL_DDL_sales_creditmemo_item_4"},"is_exception":false} []
[2016-01-22 11:46:34] main.DEBUG: cache_invalidate:  {"method":"GET","url":"http:/","invalidateInfo":{"identifier":"DB_PDO_MYSQL_DDL_sales_creditmemo_item_1"},"is_exception":false} []
[2016-01-22 11:46:34] main.DEBUG: cache_invalidate:  {"method":"GET","url":"http:/","invalidateInfo":{"identifier":"DB_PDO_MYSQL_DDL_sales_creditmemo_item_2"},"is_exception":false} []
[2016-01-22 11:46:34] main.DEBUG: cache_invalidate:  {"method":"GET","url":"http:/","invalidateInfo":{"identifier":"DB_PDO_MYSQL_DDL_sales_creditmemo_item_3"},"is_exception":false} []
[2016-01-22 11:46:34] main.DEBUG: cache_invalidate:  {"method":"GET","url":"http:/","invalidateInfo":{"identifier":"DB_PDO_MYSQL_DDL_sales_creditmemo_item_4"},"is_exception":false} []
[2016-01-22 11:46:34] main.DEBUG: cache_invalidate:  {"method":"GET","url":"http:/","invalidateInfo":{"identifier":"DB_PDO_MYSQL_DDL_sales_creditmemo_item_1"},"is_exception":false} []
[2016-01-22 11:46:34] main.DEBUG: cache_invalidate:  {"method":"GET","url":"http:/","invalidateInfo":{"identifier":"DB_PDO_MYSQL_DDL_sales_creditmemo_item_2"},"is_exception":false} []
[2016-01-22 11:46:34] main.DEBUG: cache_invalidate:  {"method":"GET","url":"http:/","invalidateInfo":{"identifier":"DB_PDO_MYSQL_DDL_sales_creditmemo_item_3"},"is_exception":false} []
[2016-01-22 11:46:34] main.DEBUG: cache_invalidate:  {"method":"GET","url":"http:/","invalidateInfo":{"identifier":"DB_PDO_MYSQL_DDL_sales_creditmemo_item_4"},"is_exception":false} []
[2016-01-22 11:46:34] main.DEBUG: cache_invalidate:  {"method":"GET","url":"http:/","invalidateInfo":{"identifier":"DB_PDO_MYSQL_DDL_sales_creditmemo_item_1"},"is_exception":false} []
[2016-01-22 11:46:34] main.DEBUG: cache_invalidate:  {"method":"GET","url":"http:/","invalidateInfo":{"identifier":"DB_PDO_MYSQL_DDL_sales_creditmemo_item_2"},"is_exception":false} []
[2016-01-22 11:46:34] main.DEBUG: cache_invalidate:  {"method":"GET","url":"http:/","invalidateInfo":{"identifier":"DB_PDO_MYSQL_DDL_sales_creditmemo_item_3"},"is_exception":false} []
[2016-01-22 11:46:34] main.DEBUG: cache_invalidate:  {"method":"GET","url":"http:/","invalidateInfo":{"identifier":"DB_PDO_MYSQL_DDL_sales_creditmemo_item_4"},"is_exception":false} []
[2016-01-22 11:46:34] main.DEBUG: cache_invalidate:  {"method":"GET","url":"http:/","invalidateInfo":{"identifier":"DB_PDO_MYSQL_DDL_sales_creditmemo_item_1"},"is_exception":false} []
[2016-01-22 11:46:34] main.DEBUG: cache_invalidate:  {"method":"GET","url":"http:/","invalidateInfo":{"identifier":"DB_PDO_MYSQL_DDL_sales_creditmemo_item_2"},"is_exception":false} []
[2016-01-22 11:46:34] main.DEBUG: cache_invalidate:  {"method":"GET","url":"http:/","invalidateInfo":{"identifier":"DB_PDO_MYSQL_DDL_sales_creditmemo_item_3"},"is_exception":false} []
[2016-01-22 11:46:34] main.DEBUG: cache_invalidate:  {"method":"GET","url":"http:/","invalidateInfo":{"identifier":"DB_PDO_MYSQL_DDL_sales_creditmemo_item_4"},"is_exception":false} []
[2016-01-22 11:46:34] main.DEBUG: cache_invalidate:  {"method":"GET","url":"http:/","invalidateInfo":{"identifier":"DB_PDO_MYSQL_DDL_sales_creditmemo_item_1"},"is_exception":false} []
[2016-01-22 11:46:34] main.DEBUG: cache_invalidate:  {"method":"GET","url":"http:/","invalidateInfo":{"identifier":"DB_PDO_MYSQL_DDL_sales_creditmemo_item_2"},"is_exception":false} []
[2016-01-22 11:46:34] main.DEBUG: cache_invalidate:  {"method":"GET","url":"http:/","invalidateInfo":{"identifier":"DB_PDO_MYSQL_DDL_sales_creditmemo_item_3"},"is_exception":false} []
[2016-01-22 11:46:34] main.DEBUG: cache_invalidate:  {"method":"GET","url":"http:/","invalidateInfo":{"identifier":"DB_PDO_MYSQL_DDL_sales_creditmemo_item_4"},"is_exception":false} []
[2016-01-22 11:46:34] main.DEBUG: cache_invalidate:  {"method":"GET","url":"http:/","invalidateInfo":{"identifier":"DB_PDO_MYSQL_DDL_sales_creditmemo_item_1"},"is_exception":false} []
[2016-01-22 11:46:34] main.DEBUG: cache_invalidate:  {"method":"GET","url":"http:/","invalidateInfo":{"identifier":"DB_PDO_MYSQL_DDL_sales_creditmemo_item_2"},"is_exception":false} []
[2016-01-22 11:46:34] main.DEBUG: cache_invalidate:  {"method":"GET","url":"http:/","invalidateInfo":{"identifier":"DB_PDO_MYSQL_DDL_sales_creditmemo_item_3"},"is_exception":false} []
[2016-01-22 11:46:34] main.DEBUG: cache_invalidate:  {"method":"GET","url":"http:/","invalidateInfo":{"identifier":"DB_PDO_MYSQL_DDL_sales_creditmemo_item_4"},"is_exception":false} []
[2016-01-22 11:46:35] main.DEBUG: cache_invalidate:  {"method":"GET","url":"http:/","invalidateInfo":{"identifier":"DB_PDO_MYSQL_DDL_sales_creditmemo_item_1"},"is_exception":false} []
[2016-01-22 11:46:35] main.DEBUG: cache_invalidate:  {"method":"GET","url":"http:/","invalidateInfo":{"identifier":"DB_PDO_MYSQL_DDL_sales_creditmemo_item_2"},"is_exception":false} []
[2016-01-22 11:46:35] main.DEBUG: cache_invalidate:  {"method":"GET","url":"http:/","invalidateInfo":{"identifier":"DB_PDO_MYSQL_DDL_sales_creditmemo_item_3"},"is_exception":false} []
[2016-01-22 11:46:35] main.DEBUG: cache_invalidate:  {"method":"GET","url":"http:/","invalidateInfo":{"identifier":"DB_PDO_MYSQL_DDL_sales_creditmemo_item_4"},"is_exception":false} []
[2016-01-22 11:46:35] main.DEBUG: cache_invalidate:  {"method":"GET","url":"http:/","invalidateInfo":{"tags":["CONFIG"],"mode":"matchingTag"},"is_exception":false} []
[2016-01-22 11:46:35] main.DEBUG: cache_invalidate:  {"method":"GET","url":"http:/","invalidateInfo":{"tags":["LAYOUT_GENERAL_CACHE_TAG"],"mode":"matchingTag"},"is_exception":false} []
[2016-01-22 11:46:35] main.DEBUG: cache_invalidate:  {"method":"GET","url":"http:/","invalidateInfo":{"tags":["BLOCK_HTML"],"mode":"matchingTag"},"is_exception":false} []
[2016-01-22 11:46:35] main.DEBUG: cache_invalidate:  {"method":"GET","url":"http:/","invalidateInfo":{"tags":["COLLECTION_DATA"],"mode":"matchingTag"},"is_exception":false} []
[2016-01-22 11:46:35] main.DEBUG: cache_invalidate:  {"method":"GET","url":"http:/","invalidateInfo":{"tags":["REFLECTION"],"mode":"matchingTag"},"is_exception":false} []
[2016-01-22 11:46:35] main.DEBUG: cache_invalidate:  {"method":"GET","url":"http:/","invalidateInfo":{"tags":["DB_DDL"],"mode":"matchingTag"},"is_exception":false} []
[2016-01-22 11:46:35] main.DEBUG: cache_invalidate:  {"method":"GET","url":"http:/","invalidateInfo":{"tags":["EAV"],"mode":"matchingTag"},"is_exception":false} []
[2016-01-22 11:46:35] main.DEBUG: cache_invalidate:  {"method":"GET","url":"http:/","invalidateInfo":{"tags":["INTEGRATION"],"mode":"matchingTag"},"is_exception":false} []
[2016-01-22 11:46:35] main.DEBUG: cache_invalidate:  {"method":"GET","url":"http:/","invalidateInfo":{"tags":["INTEGRATION_API_CONFIG"],"mode":"matchingTag"},"is_exception":false} []
[2016-01-22 11:46:35] main.DEBUG: cache_invalidate:  {"method":"GET","url":"http:/","invalidateInfo":{"tags":["FPC"],"mode":"matchingTag"},"is_exception":false} []
[2016-01-22 11:46:35] main.DEBUG: cache_invalidate:  {"method":"GET","url":"http:/","invalidateInfo":{"tags":["TRANSLATE"],"mode":"matchingTag"},"is_exception":false} []
[2016-01-22 11:46:35] main.DEBUG: cache_invalidate:  {"method":"GET","url":"http:/","invalidateInfo":{"tags":["WEBSERVICE"],"mode":"matchingTag"},"is_exception":false} []
[2016-01-22 11:48:15] main.DEBUG: cache_invalidate:  {"method":"GET","url":"http:/","invalidateInfo":{"tags":["interception","CONFIG"],"mode":"matchingTag"},"is_exception":false} []
[2016-01-22 11:49:45] main.DEBUG: cache_invalidate:  {"method":"GET","url":"http:/","invalidateInfo":{"tags":[],"mode":"all"},"is_exception":false} []
[2016-01-22 11:49:45] main.DEBUG: cache_invalidate:  {"method":"GET","url":"http:/","invalidateInfo":{"tags":[],"mode":"all"},"is_exception":false} []
[2016-01-22 11:49:45] main.DEBUG: cache_invalidate:  {"method":"GET","url":"http:/","invalidateInfo":{"tags":["interception","CONFIG"],"mode":"matchingTag"},"is_exception":false} []
[2016-01-22 11:51:17] main.DEBUG: cache_invalidate:  {"method":"GET","url":"http:/","invalidateInfo":{"tags":["interception","CONFIG"],"mode":"matchingTag"},"is_exception":false} []
[2016-01-22 11:54:10] main.DEBUG: cache_invalidate:  {"method":"GET","url":"http:/","invalidateInfo":{"tags":["interception","CONFIG"],"mode":"matchingTag"},"is_exception":false} []
[2016-01-22 11:55:01] main.DEBUG: cache_invalidate:  {"method":"GET","url":"http:/","invalidateInfo":{"tags":[],"mode":"all"},"is_exception":false} []
[2016-01-22 11:55:01] main.DEBUG: cache_invalidate:  {"method":"GET","url":"http:/","invalidateInfo":{"tags":[],"mode":"all"},"is_exception":false} []
[2016-01-22 11:55:01] main.DEBUG: cache_invalidate:  {"method":"GET","url":"http:/","invalidateInfo":{"tags":["interception","CONFIG"],"mode":"matchingTag"},"is_exception":false} []
[2016-01-22 11:56:32] main.DEBUG: cache_invalidate:  {"method":"GET","url":"http:/","invalidateInfo":{"tags":["interception","CONFIG"],"mode":"matchingTag"},"is_exception":false} []
[2016-01-22 11:56:33] main.DEBUG: cache_invalidate:  {"method":"GET","url":"http:/","invalidateInfo":{"tags":["interception","CONFIG"],"mode":"matchingTag"},"is_exception":false} []
[2016-01-22 11:57:18] main.DEBUG: cache_invalidate:  {"method":"GET","url":"http:/","invalidateInfo":{"tags":[],"mode":"all"},"is_exception":false} []
[2016-01-22 11:57:18] main.DEBUG: cache_invalidate:  {"method":"GET","url":"http:/","invalidateInfo":{"tags":[],"mode":"all"},"is_exception":false} []
[2016-01-22 11:57:18] main.DEBUG: cache_invalidate:  {"method":"GET","url":"http:/","invalidateInfo":{"tags":["interception","CONFIG"],"mode":"matchingTag"},"is_exception":false} []
[2016-01-22 11:58:50] main.DEBUG: cache_invalidate:  {"method":"GET","url":"http:/","invalidateInfo":{"tags":["interception","CONFIG"],"mode":"matchingTag"},"is_exception":false} []
[2016-01-22 11:58:51] main.DEBUG: cache_invalidate:  {"method":"GET","url":"http:/","invalidateInfo":{"tags":["interception","CONFIG"],"mode":"matchingTag"},"is_exception":false} []
[2016-01-22 11:59:27] main.DEBUG: cache_invalidate:  {"method":"GET","url":"http:/","invalidateInfo":{"tags":[],"mode":"all"},"is_exception":false} []
[2016-01-22 11:59:27] main.DEBUG: cache_invalidate:  {"method":"GET","url":"http:/","invalidateInfo":{"tags":[],"mode":"all"},"is_exception":false} []
[2016-01-22 11:59:27] main.DEBUG: cache_invalidate:  {"method":"GET","url":"http:/","invalidateInfo":{"tags":["interception","CONFIG"],"mode":"matchingTag"},"is_exception":false} []
[2016-01-22 12:00:57] main.DEBUG: cache_invalidate:  {"method":"GET","url":"http:/","invalidateInfo":{"tags":["interception","CONFIG"],"mode":"matchingTag"},"is_exception":false} []
[2016-01-22 12:00:57] main.DEBUG: cache_invalidate:  {"method":"GET","url":"http:/","invalidateInfo":{"tags":["interception","CONFIG"],"mode":"matchingTag"},"is_exception":false} []
